<?xml version="1.0" encoding="UTF-8"?>
<!-- Generated by org.testng.reporters.JUnitXMLReporter -->
<testsuite ignored="0" hostname="PravinBK" failures="1" tests="1" name="Login" time="15.561" errors="0" timestamp="2025-06-15T19:23:20 IST">
  <testcase classname="Test.TestClass" name="Login" time="1.389">
    <failure type="java.lang.NullPointerException" message="Cannot invoke &amp;quot;org.openqa.selenium.WebElement.sendKeys(java.lang.CharSequence[])&amp;quot; because &amp;quot;this.UN&amp;quot; is null">
      <![CDATA[java.lang.NullPointerException: Cannot invoke "org.openqa.selenium.WebElement.sendKeys(java.lang.CharSequence[])" because "this.UN" is null
at POM.Login.LoginCase(Login.java:33)
at Test.TestClass.Login(TestClass.java:15)
at java.base/java.util.ArrayList.forEach(ArrayList.java:1597)
... Removed 25 stack frames]]>
    </failure>
  </testcase> <!-- Login -->
</testsuite> <!-- Login -->
