<?xml version="1.0" encoding="UTF-8"?>
<!-- Generated by org.testng.reporters.JUnitXMLReporter -->
<testsuite ignored="0" hostname="PravinBK" failures="0" tests="1" name="SSC" time="3.135" errors="0" timestamp="2025-06-15T17:30:40 IST">
  <testcase classname="Base.base1" name="@BeforeMethod ApplyImplicitwait" time="0.018">
    <failure type="java.lang.NullPointerException" message="Cannot invoke &amp;quot;org.openqa.selenium.WebDriver.manage()&amp;quot; because &amp;quot;Base.base1.driver&amp;quot; is null">
      <![CDATA[java.lang.NullPointerException: Cannot invoke "org.openqa.selenium.WebDriver.manage()" because "Base.base1.driver" is null
at Base.base1.ApplyImplicitwait(base1.java:69)
at java.base/java.util.ArrayList.forEach(ArrayList.java:1597)
... Removed 29 stack frames]]>
    </failure>
  </testcase> <!-- @BeforeMethod ApplyImplicitwait -->
  <testcase classname="Test.TestClass" name="Login" time="0.0">
    <skipped/>
  </testcase> <!-- Login -->
</testsuite> <!-- SSC -->
