<?xml version="1.0" encoding="UTF-8"?>
<testng-results ignored="0" total="1" passed="1" failed="0" skipped="0">
  <reporter-output>
  </reporter-output>
  <suite started-at="2024-02-06T17:43:58 IST" name="Surefire suite" finished-at="2024-02-06T17:44:06 IST" duration-ms="7743">
    <groups>
    </groups>
    <test started-at="2024-02-06T17:43:58 IST" name="Surefire test" finished-at="2024-02-06T17:44:06 IST" duration-ms="7743">
      <class name="Test.TestClass">
        <test-method signature="TC()[pri:0, instance:Test.TestClass@1df82230]" started-at="2024-02-06T17:43:58 IST" name="TC" finished-at="2024-02-06T17:44:06 IST" duration-ms="7694" status="PASS">
          <reporter-output>
          </reporter-output>
        </test-method> <!-- TC -->
      </class> <!-- Test.TestClass -->
    </test> <!-- Surefire test -->
  </suite> <!-- Surefire suite -->
</testng-results>
