<?xml version="1.0" encoding="UTF-8"?>
<testng-results ignored="1" total="2" passed="1" failed="0" skipped="0">
  <reporter-output>
  </reporter-output>
  <suite started-at="2025-08-04T11:05:53 IST" name="Default suite" finished-at="2025-08-04T11:06:13 IST" duration-ms="20022">
    <groups>
    </groups>
    <test started-at="2025-08-04T11:05:53 IST" name="Default test" finished-at="2025-08-04T11:06:13 IST" duration-ms="20022">
      <class name="Test.TestClass">
        <test-method is-config="true" signature="setupDriver()[pri:0, instance:Test.TestClass@f1da57d]" started-at="2025-08-04T11:05:53 IST" name="setupDriver" finished-at="2025-08-04T11:05:56 IST" duration-ms="3616" status="PASS">
          <reporter-output>
          </reporter-output>
        </test-method> <!-- setupDriver -->
        <test-method is-config="true" signature="ApplyImplicitwait()[pri:0, instance:Test.TestClass@f1da57d]" started-at="2025-08-04T11:05:56 IST" name="ApplyImplicitwait" finished-at="2025-08-04T11:05:56 IST" duration-ms="18" status="PASS">
          <reporter-output>
          </reporter-output>
        </test-method> <!-- ApplyImplicitwait -->
        <test-method is-config="true" signature="launchBrowser()[pri:0, instance:Test.TestClass@f1da57d]" started-at="2025-08-04T11:05:56 IST" name="launchBrowser" finished-at="2025-08-04T11:06:03 IST" duration-ms="6269" status="PASS">
          <reporter-output>
          </reporter-output>
        </test-method> <!-- launchBrowser -->
        <test-method signature="Login()[pri:1, instance:Test.TestClass@f1da57d]" started-at="2025-08-04T11:06:03 IST" name="Login" finished-at="2025-08-04T11:06:09 IST" duration-ms="6582" status="PASS">
          <reporter-output>
          </reporter-output>
        </test-method> <!-- Login -->
        <test-method is-config="true" signature="SOut()[pri:0, instance:Test.TestClass@f1da57d]" started-at="2025-08-04T11:06:09 IST" name="SOut" finished-at="2025-08-04T11:06:13 IST" duration-ms="3436" status="PASS">
          <reporter-output>
          </reporter-output>
        </test-method> <!-- SOut -->
      </class> <!-- Test.TestClass -->
    </test> <!-- Default test -->
  </suite> <!-- Default suite -->
</testng-results>
