<?xml version="1.0" encoding="UTF-8"?>
<testng-results ignored="0" total="1" passed="1" failed="0" skipped="0">
  <reporter-output>
  </reporter-output>
  <suite started-at="2024-05-16T17:13:57 IST" name="Default suite" finished-at="2024-05-16T17:14:27 IST" duration-ms="30335">
    <groups>
    </groups>
    <test started-at="2024-05-16T17:13:57 IST" name="Default test" finished-at="2024-05-16T17:14:27 IST" duration-ms="30335">
      <class name="Test.TestClass">
        <test-method is-config="true" signature="launchBrowser()[pri:0, instance:Test.TestClass@15ff3e9e]" started-at="2024-05-16T17:13:57 IST" name="launchBrowser" finished-at="2024-05-16T17:13:59 IST" duration-ms="2419" status="PASS">
          <reporter-output>
          </reporter-output>
        </test-method> <!-- launchBrowser -->
        <test-method is-config="true" signature="ApplyImplicitwait()[pri:0, instance:Test.TestClass@15ff3e9e]" started-at="2024-05-16T17:13:59 IST" name="ApplyImplicitwait" finished-at="2024-05-16T17:13:59 IST" duration-ms="4" status="PASS">
          <reporter-output>
          </reporter-output>
        </test-method> <!-- ApplyImplicitwait -->
        <test-method signature="SchoolProfile()[pri:2, instance:Test.TestClass@15ff3e9e]" started-at="2024-05-16T17:13:59 IST" name="SchoolProfile" finished-at="2024-05-16T17:14:24 IST" duration-ms="24864" status="PASS">
          <reporter-output>
          </reporter-output>
        </test-method> <!-- SchoolProfile -->
        <test-method is-config="true" signature="SOut()[pri:0, instance:Test.TestClass@15ff3e9e]" started-at="2024-05-16T17:14:24 IST" name="SOut" finished-at="2024-05-16T17:14:27 IST" duration-ms="3006" status="PASS">
          <reporter-output>
          </reporter-output>
        </test-method> <!-- SOut -->
      </class> <!-- Test.TestClass -->
    </test> <!-- Default test -->
  </suite> <!-- Default suite -->
</testng-results>
